/home/igvc/IGVCDev/src/data_collection_ws/install/data/lib/python3.10/site-packages/data/dataPublisher.py
/home/igvc/IGVCDev/src/data_collection_ws/install/data/lib/python3.10/site-packages/data/__init__.py
/home/igvc/IGVCDev/src/data_collection_ws/install/data/lib/python3.10/site-packages/data/auto.py
/home/igvc/IGVCDev/src/data_collection_ws/install/data/lib/python3.10/site-packages/data/dataSubscriber.py
/home/igvc/IGVCDev/src/data_collection_ws/install/data/lib/python3.10/site-packages/data/dataset.py
/home/igvc/IGVCDev/src/data_collection_ws/install/data/lib/python3.10/site-packages/data/__pycache__/dataPublisher.cpython-310.pyc
/home/igvc/IGVCDev/src/data_collection_ws/install/data/lib/python3.10/site-packages/data/__pycache__/__init__.cpython-310.pyc
/home/igvc/IGVCDev/src/data_collection_ws/install/data/lib/python3.10/site-packages/data/__pycache__/auto.cpython-310.pyc
/home/igvc/IGVCDev/src/data_collection_ws/install/data/lib/python3.10/site-packages/data/__pycache__/dataSubscriber.cpython-310.pyc
/home/igvc/IGVCDev/src/data_collection_ws/install/data/lib/python3.10/site-packages/data/__pycache__/dataset.cpython-310.pyc
/home/igvc/IGVCDev/src/data_collection_ws/install/data/share/ament_index/resource_index/packages/data
/home/igvc/IGVCDev/src/data_collection_ws/install/data/share/data/package.xml
/home/igvc/IGVCDev/src/data_collection_ws/install/data/share/data/launch/launch.py
/home/igvc/IGVCDev/src/data_collection_ws/install/data/lib/python3.10/site-packages/data-0.0.0-py3.10.egg-info/SOURCES.txt
/home/igvc/IGVCDev/src/data_collection_ws/install/data/lib/python3.10/site-packages/data-0.0.0-py3.10.egg-info/entry_points.txt
/home/igvc/IGVCDev/src/data_collection_ws/install/data/lib/python3.10/site-packages/data-0.0.0-py3.10.egg-info/dependency_links.txt
/home/igvc/IGVCDev/src/data_collection_ws/install/data/lib/python3.10/site-packages/data-0.0.0-py3.10.egg-info/zip-safe
/home/igvc/IGVCDev/src/data_collection_ws/install/data/lib/python3.10/site-packages/data-0.0.0-py3.10.egg-info/requires.txt
/home/igvc/IGVCDev/src/data_collection_ws/install/data/lib/python3.10/site-packages/data-0.0.0-py3.10.egg-info/PKG-INFO
/home/igvc/IGVCDev/src/data_collection_ws/install/data/lib/python3.10/site-packages/data-0.0.0-py3.10.egg-info/top_level.txt
/home/igvc/IGVCDev/src/data_collection_ws/install/data/lib/data/listener
/home/igvc/IGVCDev/src/data_collection_ws/install/data/lib/data/talker
