/home/littleblue/IGVCDev/src/motorControl/rpi/controller_ws/install/game_controller/lib/python3.10/site-packages/game_controller/auto.py
/home/littleblue/IGVCDev/src/motorControl/rpi/controller_ws/install/game_controller/lib/python3.10/site-packages/game_controller/Robot.py
/home/littleblue/IGVCDev/src/motorControl/rpi/controller_ws/install/game_controller/lib/python3.10/site-packages/game_controller/__init__.py
/home/littleblue/IGVCDev/src/motorControl/rpi/controller_ws/install/game_controller/lib/python3.10/site-packages/game_controller/dataset.py
/home/littleblue/IGVCDev/src/motorControl/rpi/controller_ws/install/game_controller/lib/python3.10/site-packages/game_controller/serialComm.py
/home/littleblue/IGVCDev/src/motorControl/rpi/controller_ws/install/game_controller/lib/python3.10/site-packages/game_controller/subscriber_member_function.py
/home/littleblue/IGVCDev/src/motorControl/rpi/controller_ws/install/game_controller/lib/python3.10/site-packages/game_controller/__pycache__/auto.cpython-310.pyc
/home/littleblue/IGVCDev/src/motorControl/rpi/controller_ws/install/game_controller/lib/python3.10/site-packages/game_controller/__pycache__/Robot.cpython-310.pyc
/home/littleblue/IGVCDev/src/motorControl/rpi/controller_ws/install/game_controller/lib/python3.10/site-packages/game_controller/__pycache__/__init__.cpython-310.pyc
/home/littleblue/IGVCDev/src/motorControl/rpi/controller_ws/install/game_controller/lib/python3.10/site-packages/game_controller/__pycache__/dataset.cpython-310.pyc
/home/littleblue/IGVCDev/src/motorControl/rpi/controller_ws/install/game_controller/lib/python3.10/site-packages/game_controller/__pycache__/serialComm.cpython-310.pyc
/home/littleblue/IGVCDev/src/motorControl/rpi/controller_ws/install/game_controller/lib/python3.10/site-packages/game_controller/__pycache__/subscriber_member_function.cpython-310.pyc
/home/littleblue/IGVCDev/src/motorControl/rpi/controller_ws/install/game_controller/share/ament_index/resource_index/packages/game_controller
/home/littleblue/IGVCDev/src/motorControl/rpi/controller_ws/install/game_controller/share/game_controller/package.xml
/home/littleblue/IGVCDev/src/motorControl/rpi/controller_ws/install/game_controller/share/game_controller/launch/launch.py
/home/littleblue/IGVCDev/src/motorControl/rpi/controller_ws/install/game_controller/lib/python3.10/site-packages/game_controller-0.0.0-py3.10.egg-info/dependency_links.txt
/home/littleblue/IGVCDev/src/motorControl/rpi/controller_ws/install/game_controller/lib/python3.10/site-packages/game_controller-0.0.0-py3.10.egg-info/SOURCES.txt
/home/littleblue/IGVCDev/src/motorControl/rpi/controller_ws/install/game_controller/lib/python3.10/site-packages/game_controller-0.0.0-py3.10.egg-info/entry_points.txt
/home/littleblue/IGVCDev/src/motorControl/rpi/controller_ws/install/game_controller/lib/python3.10/site-packages/game_controller-0.0.0-py3.10.egg-info/top_level.txt
/home/littleblue/IGVCDev/src/motorControl/rpi/controller_ws/install/game_controller/lib/python3.10/site-packages/game_controller-0.0.0-py3.10.egg-info/requires.txt
/home/littleblue/IGVCDev/src/motorControl/rpi/controller_ws/install/game_controller/lib/python3.10/site-packages/game_controller-0.0.0-py3.10.egg-info/PKG-INFO
/home/littleblue/IGVCDev/src/motorControl/rpi/controller_ws/install/game_controller/lib/python3.10/site-packages/game_controller-0.0.0-py3.10.egg-info/zip-safe
/home/littleblue/IGVCDev/src/motorControl/rpi/controller_ws/install/game_controller/lib/game_controller/listener
/home/littleblue/IGVCDev/src/motorControl/rpi/controller_ws/install/game_controller/lib/game_controller/talker
